d:\мои файлы\cpp\osisp_lab3\x64\debug\anotherdrawingdll.lib
d:\мои файлы\cpp\osisp_lab3\x64\debug\anotherdrawingdll.exp
c:\users\ksyut\downloads\osisp_lab3\x64\debug\anotherdrawingdll.lib
c:\users\ksyut\downloads\osisp_lab3\x64\debug\anotherdrawingdll.exp
c:\users\ksyut\downloads\osisp_lab3\anotherdrawingdll\x64\debug\vc143.pdb
c:\users\ksyut\downloads\osisp_lab3\anotherdrawingdll\x64\debug\vc143.idb
c:\users\ksyut\downloads\osisp_lab3\anotherdrawingdll\x64\debug\dllmain.obj
c:\users\ksyut\downloads\osisp_lab3\anotherdrawingdll\x64\debug\anotherdrawingdll.obj
c:\users\ksyut\downloads\osisp_lab3\anotherdrawingdll\x64\debug\anotherdrawingdll.ilk
c:\users\ksyut\downloads\osisp_lab3\x64\debug\anotherdrawingdll.dll
c:\users\ksyut\downloads\osisp_lab3\x64\debug\anotherdrawingdll.pdb
c:\users\ksyut\downloads\osisp_lab3\anotherdrawingdll\x64\debug\pch.obj
c:\users\ksyut\downloads\osisp_lab3\anotherdrawingdll\x64\debug\anotherdrawingdll.pch
c:\users\ksyut\downloads\osisp_lab3\anotherdrawingdll\x64\debug\anotherd.e58f6d40.tlog\anotherdrawingdll.write.1u.tlog
c:\users\ksyut\downloads\osisp_lab3\anotherdrawingdll\x64\debug\anotherd.e58f6d40.tlog\cl.command.1.tlog
c:\users\ksyut\downloads\osisp_lab3\anotherdrawingdll\x64\debug\anotherd.e58f6d40.tlog\cl.read.1.tlog
c:\users\ksyut\downloads\osisp_lab3\anotherdrawingdll\x64\debug\anotherd.e58f6d40.tlog\cl.write.1.tlog
c:\users\ksyut\downloads\osisp_lab3\anotherdrawingdll\x64\debug\anotherd.e58f6d40.tlog\link.command.1.tlog
c:\users\ksyut\downloads\osisp_lab3\anotherdrawingdll\x64\debug\anotherd.e58f6d40.tlog\link.read.1.tlog
c:\users\ksyut\downloads\osisp_lab3\anotherdrawingdll\x64\debug\anotherd.e58f6d40.tlog\link.write.1.tlog
