c:\users\ksyut\downloads\osisp_lab3\drawingdll\x64\debug\vc143.pdb
c:\users\ksyut\downloads\osisp_lab3\drawingdll\x64\debug\vc143.idb
c:\users\ksyut\downloads\osisp_lab3\drawingdll\x64\debug\drawingdll.obj
c:\users\ksyut\downloads\osisp_lab3\drawingdll\x64\debug\dllmain.obj
d:\мои файлы\cpp\osisp_lab3\x64\debug\drawingdll.lib
d:\мои файлы\cpp\osisp_lab3\x64\debug\drawingdll.exp
c:\users\ksyut\downloads\osisp_lab3\x64\debug\drawingdll.lib
c:\users\ksyut\downloads\osisp_lab3\x64\debug\drawingdll.exp
c:\users\ksyut\downloads\osisp_lab3\x64\debug\drawingdll.dll
c:\users\ksyut\downloads\osisp_lab3\drawingdll\x64\debug\drawingdll.ilk
c:\users\ksyut\downloads\osisp_lab3\x64\debug\drawingdll.pdb
c:\users\ksyut\downloads\osisp_lab3\drawingdll\x64\debug\pch.obj
c:\users\ksyut\downloads\osisp_lab3\drawingdll\x64\debug\drawingdll.pch
c:\users\ksyut\downloads\osisp_lab3\drawingdll\x64\debug\drawingdll.tlog\cl.command.1.tlog
c:\users\ksyut\downloads\osisp_lab3\drawingdll\x64\debug\drawingdll.tlog\cl.read.1.tlog
c:\users\ksyut\downloads\osisp_lab3\drawingdll\x64\debug\drawingdll.tlog\cl.write.1.tlog
c:\users\ksyut\downloads\osisp_lab3\drawingdll\x64\debug\drawingdll.tlog\drawingdll.write.1u.tlog
c:\users\ksyut\downloads\osisp_lab3\drawingdll\x64\debug\drawingdll.tlog\link.command.1.tlog
c:\users\ksyut\downloads\osisp_lab3\drawingdll\x64\debug\drawingdll.tlog\link.read.1.tlog
c:\users\ksyut\downloads\osisp_lab3\drawingdll\x64\debug\drawingdll.tlog\link.write.1.tlog
